<?xml version="1.0" encoding="UTF-8"?>
<!-- Generated by org.testng.reporters.JUnitXMLReporter -->
<testsuite hostname="IZDT-211" ignored="0" name="SC Dealer Content Pages(failed)" tests="10" failures="1" timestamp="24 Jan 2019 09:17:10 GMT" time="24.527" errors="0">
  <testcase name="dlrContentpagePG_2" time="0.124" classname="com.r1v2.backend.modules.Dealer.NewDealerContentPage"/>
  <testcase name="dlrContentpagePG_3" time="3.198" classname="com.r1v2.backend.modules.Dealer.NewDealerContentPage"/>
  <testcase name="dlrContentpagePG_4" time="0.1" classname="com.r1v2.backend.modules.Dealer.NewDealerContentPage"/>
  <testcase name="dlrContentpagePG_5" time="1.109" classname="com.r1v2.backend.modules.Dealer.NewDealerContentPage"/>
  <testcase name="dlrContentpagePG_6" time="0.269" classname="com.r1v2.backend.modules.Dealer.NewDealerContentPage"/>
  <testcase name="dlrContentpagePG_7" time="0.333" classname="com.r1v2.backend.modules.Dealer.NewDealerContentPage">
    <failure type="java.lang.AssertionError" message=" Selecting Department for in Dealer Level   expected [true] but found [false]">
      <![CDATA[java.lang.AssertionError:  Selecting Department for in Dealer Level   expected [true] but found [false]
at org.testng.Assert.fail(Assert.java:96)
at org.testng.Assert.failNotEquals(Assert.java:776)
at org.testng.Assert.assertEqualsImpl(Assert.java:137)
at org.testng.Assert.assertEquals(Assert.java:118)
at org.testng.Assert.assertEquals(Assert.java:568)
at com.r1v2.backend.modules.Dealer.NewDealerContentPage.dlrContentpagePG_7(NewDealerContentPage.java:113)
at sun.reflect.NativeMethodAccessorImpl.invoke0(Native Method)
at sun.reflect.NativeMethodAccessorImpl.invoke(Unknown Source)
at sun.reflect.DelegatingMethodAccessorImpl.invoke(Unknown Source)
at java.lang.reflect.Method.invoke(Unknown Source)
at org.testng.internal.MethodInvocationHelper.invokeMethod(MethodInvocationHelper.java:124)
at org.testng.internal.Invoker.invokeMethod(Invoker.java:583)
at org.testng.internal.Invoker.invokeTestMethod(Invoker.java:719)
at org.testng.internal.Invoker.invokeTestMethods(Invoker.java:989)
at org.testng.internal.TestMethodWorker.invokeTestMethods(TestMethodWorker.java:125)
at org.testng.internal.TestMethodWorker.run(TestMethodWorker.java:109)
at java.util.concurrent.ThreadPoolExecutor.runWorker(Unknown Source)
at java.util.concurrent.ThreadPoolExecutor$Worker.run(Unknown Source)
at java.lang.Thread.run(Unknown Source)
]]>
    </failure>
  </testcase> <!-- dlrContentpagePG_7 -->
  <testcase name="dlrContentpagePG_8" time="0.223" classname="com.r1v2.backend.modules.Dealer.NewDealerContentPage"/>
  <testcase name="dlrContentpagePG_9" time="0.298" classname="com.r1v2.backend.modules.Dealer.NewDealerContentPage"/>
  <testcase name="dlrContentpagePG_10" time="11.496" classname="com.r1v2.backend.modules.Dealer.NewDealerContentPage"/>
  <testcase name="dlrContentpagePG_11" time="0.297" classname="com.r1v2.backend.modules.Dealer.NewDealerContentPage"/>
</testsuite> <!-- SC Dealer Content Pages(failed) -->
