<?xml version="1.0" encoding="UTF-8"?>
<!-- Generated by org.testng.reporters.JUnitXMLReporter -->
<testsuite hostname="IZDT-211" ignored="2" name="Add Front end Contnet Pages" tests="12" failures="1" timestamp="12 Feb 2019 10:51:19 GMT" time="57.523" errors="0">
  <testcase name="addFrontendDlrContent" time="1.891" classname="com.r1v2.frontend.Modules.Dealer.AddFrontendContentPageDelaer"/>
  <testcase name="addFrontendOemContent" time="1.958" classname="com.r1v2.frontend.Modules.Oem.AddFrontendContentPageOem"/>
  <testcase name="addFrontendGrpContent" time="16.753" classname="com.r1v2.frontend.Modules.Group.AddFrontendContentPageGroup"/>
  <testcase name="addFrontendGrpContent_1" time="2.291" classname="com.r1v2.frontend.Modules.Group.AddFrontendContentPageGroup"/>
  <testcase name="addFrontendDlrContent_1" time="2.442" classname="com.r1v2.frontend.Modules.Dealer.AddFrontendContentPageDelaer"/>
  <testcase name="addFrontendOemContent_1" time="2.46" classname="com.r1v2.frontend.Modules.Oem.AddFrontendContentPageOem"/>
  <testcase name="addFrontendGrpContent_2" time="0.45" classname="com.r1v2.frontend.Modules.Group.AddFrontendContentPageGroup"/>
  <testcase name="addFrontendOemContent_2" time="30.639" classname="com.r1v2.frontend.Modules.Oem.AddFrontendContentPageOem">
    <failure type="org.openqa.selenium.TimeoutException" message="Expected condition failed: waiting for com.core.actionhandlers.WaitForActionsHandler$WaitForWebElements$3@21c32c3a (tried for 30 second(s) with 500 milliseconds interval)
Build info: version: &amp;apos;3.13.0&amp;apos;, revision: &amp;apos;2f0d292&amp;apos;, time: &amp;apos;2018-06-25T15:24:21.231Z&amp;apos;
System info: host: &amp;apos;IZDT-211&amp;apos;, ip: &amp;apos;10.125.101.16&amp;apos;, os.name: &amp;apos;Windows 10&amp;apos;, os.arch: &amp;apos;amd64&amp;apos;, os.version: &amp;apos;10.0&amp;apos;, java.version: &amp;apos;1.8.0_191&amp;apos;
Driver info: org.openqa.selenium.chrome.ChromeDriver
Capabilities {acceptInsecureCerts: false, acceptSslCerts: false, applicationCacheEnabled: false, browserConnectionEnabled: false, browserName: chrome, chrome: {chromedriverVersion: 2.38.552522 (437e6fbedfa876..., userDataDir: C:\Users\rajesh.n\AppData\L...}, cssSelectorsEnabled: true, databaseEnabled: false, handlesAlerts: true, hasTouchScreen: false, javascriptEnabled: true, locationContextEnabled: true, mobileEmulationEnabled: false, nativeEvents: true, networkConnectionEnabled: false, pageLoadStrategy: normal, platform: XP, platformName: XP, rotatable: false, setWindowRect: true, takesHeapSnapshot: true, takesScreenshot: true, unexpectedAlertBehaviour: , unhandledPromptBehavior: , version: 72.0.3626.96, webStorageEnabled: true}
Session ID: 27eb4948e213490a8d0c1fee1a80e3f9">
      <![CDATA[org.openqa.selenium.TimeoutException: Expected condition failed: waiting for com.core.actionhandlers.WaitForActionsHandler$WaitForWebElements$3@21c32c3a (tried for 30 second(s) with 500 milliseconds interval)
Build info: version: '3.13.0', revision: '2f0d292', time: '2018-06-25T15:24:21.231Z'
System info: host: 'IZDT-211', ip: '10.125.101.16', os.name: 'Windows 10', os.arch: 'amd64', os.version: '10.0', java.version: '1.8.0_191'
Driver info: org.openqa.selenium.chrome.ChromeDriver
Capabilities {acceptInsecureCerts: false, acceptSslCerts: false, applicationCacheEnabled: false, browserConnectionEnabled: false, browserName: chrome, chrome: {chromedriverVersion: 2.38.552522 (437e6fbedfa876..., userDataDir: C:\Users\rajesh.n\AppData\L...}, cssSelectorsEnabled: true, databaseEnabled: false, handlesAlerts: true, hasTouchScreen: false, javascriptEnabled: true, locationContextEnabled: true, mobileEmulationEnabled: false, nativeEvents: true, networkConnectionEnabled: false, pageLoadStrategy: normal, platform: XP, platformName: XP, rotatable: false, setWindowRect: true, takesHeapSnapshot: true, takesScreenshot: true, unexpectedAlertBehaviour: , unhandledPromptBehavior: , version: 72.0.3626.96, webStorageEnabled: true}
Session ID: 27eb4948e213490a8d0c1fee1a80e3f9
at org.openqa.selenium.support.ui.WebDriverWait.timeoutException(WebDriverWait.java:81)
at org.openqa.selenium.support.ui.FluentWait.until(FluentWait.java:271)
at com.core.actionhandlers.WaitForActionsHandler$WaitForWebElements.exists(WaitForActionsHandler.java:78)
at com.r1v2.common.PageBase.genericGetWebElement(PageBase.java:154)
at com.r1v2.common.PageBase.returnWebElement(PageBase.java:86)
at com.r1v2.common.PageBase.getText(PageBase.java:224)
at com.r1v2.common.PageBase.verifyExpectedText(PageBase.java:359)
at com.qa.sc.pageobjects.SCPages.veirfyFrontEndPageTitle(SCPages.java:519)
at com.r1v2.frontend.Modules.Oem.AddFrontendContentPageOem.addFrontendOemContent_2(AddFrontendContentPageOem.java:86)
at sun.reflect.NativeMethodAccessorImpl.invoke0(Native Method)
at sun.reflect.NativeMethodAccessorImpl.invoke(Unknown Source)
at sun.reflect.DelegatingMethodAccessorImpl.invoke(Unknown Source)
at java.lang.reflect.Method.invoke(Unknown Source)
at org.testng.internal.MethodInvocationHelper.invokeMethod(MethodInvocationHelper.java:124)
at org.testng.internal.Invoker.invokeMethod(Invoker.java:583)
at org.testng.internal.Invoker.invokeTestMethod(Invoker.java:719)
at org.testng.internal.Invoker.invokeTestMethods(Invoker.java:989)
at org.testng.internal.TestMethodWorker.invokeTestMethods(TestMethodWorker.java:125)
at org.testng.internal.TestMethodWorker.run(TestMethodWorker.java:109)
at java.util.concurrent.ThreadPoolExecutor.runWorker(Unknown Source)
at java.util.concurrent.ThreadPoolExecutor$Worker.run(Unknown Source)
at java.lang.Thread.run(Unknown Source)
]]>
    </failure>
  </testcase> <!-- addFrontendOemContent_2 -->
  <testcase name="addFrontendOemContent_3" time="0.116" classname="com.r1v2.frontend.Modules.Oem.AddFrontendContentPageOem"/>
  <testcase name="addFrontendGrpContent_3" time="0.16" classname="com.r1v2.frontend.Modules.Group.AddFrontendContentPageGroup"/>
  <testcase name="addFrontendDlrContent_2" time="0.501" classname="com.r1v2.frontend.Modules.Dealer.AddFrontendContentPageDelaer"/>
  <testcase name="addFrontendDlrContent_3" time="2.313" classname="com.r1v2.frontend.Modules.Dealer.AddFrontendContentPageDelaer"/>
  <testcase name="@BeforeSuite setUp" time="0.0" classname="com.core.reports.ExtentReport">
    <ignored/>
  </testcase> <!-- @BeforeSuite setUp -->
  <testcase name="@BeforeSuite setUp" time="0.0" classname="com.core.reports.ExtentReport">
    <ignored/>
  </testcase> <!-- @BeforeSuite setUp -->
</testsuite> <!-- Add Front end Contnet Pages -->
