<?xml version="1.0" encoding="UTF-8"?>
<!-- Generated by org.testng.reporters.JUnitXMLReporter -->
<testsuite hostname="IZDT-211" ignored="2" name="SC Add Content  Pages" tests="30" failures="1" timestamp="12 Feb 2019 10:50:21 GMT" time="91.526" errors="0">
  <testcase name="dlrContentpagePG_2" time="0.155" classname="com.r1v2.backend.modules.Dealer.AddDealerContentPage"/>
  <testcase name="addoemContentPG_2" time="0.152" classname="com.r1v2.backend.modules.Oem.AddOemContentPage"/>
  <testcase name="addgroupContentPG_2" time="0.101" classname="com.r1v2.backend.modules.Group.AddGroupContentPage"/>
  <testcase name="addoemContentPG_3" time="4.998" classname="com.r1v2.backend.modules.Oem.AddOemContentPage"/>
  <testcase name="addgroupContentPG_3" time="6.451" classname="com.r1v2.backend.modules.Group.AddGroupContentPage"/>
  <testcase name="dlrContentpagePG_3" time="33.585" classname="com.r1v2.backend.modules.Dealer.AddDealerContentPage"/>
  <testcase name="addgroupContentPG_4" time="0.094" classname="com.r1v2.backend.modules.Group.AddGroupContentPage"/>
  <testcase name="dlrContentpagePG_4" time="0.101" classname="com.r1v2.backend.modules.Dealer.AddDealerContentPage"/>
  <testcase name="addoemContentPG_4" time="0.132" classname="com.r1v2.backend.modules.Oem.AddOemContentPage"/>
  <testcase name="dlrContentpagePG_5" time="1.397" classname="com.r1v2.backend.modules.Dealer.AddDealerContentPage"/>
  <testcase name="addgroupContentPG_5" time="1.446" classname="com.r1v2.backend.modules.Group.AddGroupContentPage"/>
  <testcase name="addoemContentPG_5" time="2.94" classname="com.r1v2.backend.modules.Oem.AddOemContentPage"/>
  <testcase name="dlrContentpagePG_6" time="0.3" classname="com.r1v2.backend.modules.Dealer.AddDealerContentPage"/>
  <testcase name="addoemContentPG_6" time="0.398" classname="com.r1v2.backend.modules.Oem.AddOemContentPage">
    <failure type="java.lang.AssertionError" message=" Url pattern is not Matching as per local  expected [true] but found [false]">
      <![CDATA[java.lang.AssertionError:  Url pattern is not Matching as per local  expected [true] but found [false]
at org.testng.Assert.fail(Assert.java:96)
at org.testng.Assert.failNotEquals(Assert.java:776)
at org.testng.Assert.assertEqualsImpl(Assert.java:137)
at org.testng.Assert.assertEquals(Assert.java:118)
at org.testng.Assert.assertEquals(Assert.java:568)
at com.r1v2.backend.modules.Oem.AddOemContentPage.addoemContentPG_6(AddOemContentPage.java:114)
at sun.reflect.NativeMethodAccessorImpl.invoke0(Native Method)
at sun.reflect.NativeMethodAccessorImpl.invoke(Unknown Source)
at sun.reflect.DelegatingMethodAccessorImpl.invoke(Unknown Source)
at java.lang.reflect.Method.invoke(Unknown Source)
at org.testng.internal.MethodInvocationHelper.invokeMethod(MethodInvocationHelper.java:124)
at org.testng.internal.Invoker.invokeMethod(Invoker.java:583)
at org.testng.internal.Invoker.invokeTestMethod(Invoker.java:719)
at org.testng.internal.Invoker.invokeTestMethods(Invoker.java:989)
at org.testng.internal.TestMethodWorker.invokeTestMethods(TestMethodWorker.java:125)
at org.testng.internal.TestMethodWorker.run(TestMethodWorker.java:109)
at java.util.concurrent.ThreadPoolExecutor.runWorker(Unknown Source)
at java.util.concurrent.ThreadPoolExecutor$Worker.run(Unknown Source)
at java.lang.Thread.run(Unknown Source)
]]>
    </failure>
  </testcase> <!-- addoemContentPG_6 -->
  <testcase name="addgroupContentPG_6" time="0.408" classname="com.r1v2.backend.modules.Group.AddGroupContentPage"/>
  <testcase name="dlrContentpagePG_7" time="0.162" classname="com.r1v2.backend.modules.Dealer.AddDealerContentPage"/>
  <testcase name="addoemContentPG_7" time="0.74" classname="com.r1v2.backend.modules.Oem.AddOemContentPage"/>
  <testcase name="addgroupContentPG_7" time="0.827" classname="com.r1v2.backend.modules.Group.AddGroupContentPage"/>
  <testcase name="dlrContentpagePG_8" time="0.268" classname="com.r1v2.backend.modules.Dealer.AddDealerContentPage"/>
  <testcase name="addoemContentPG_8" time="0.511" classname="com.r1v2.backend.modules.Oem.AddOemContentPage"/>
  <testcase name="addgroupContentPG_8" time="1.31" classname="com.r1v2.backend.modules.Group.AddGroupContentPage"/>
  <testcase name="addoemContentPG_9" time="0.337" classname="com.r1v2.backend.modules.Oem.AddOemContentPage"/>
  <testcase name="addgroupContentPG_9" time="0.368" classname="com.r1v2.backend.modules.Group.AddGroupContentPage"/>
  <testcase name="dlrContentpagePG_9" time="0.384" classname="com.r1v2.backend.modules.Dealer.AddDealerContentPage"/>
  <testcase name="addgroupContentPG_10" time="14.169" classname="com.r1v2.backend.modules.Group.AddGroupContentPage"/>
  <testcase name="addoemContentPG_10" time="16.652" classname="com.r1v2.backend.modules.Oem.AddOemContentPage"/>
  <testcase name="dlrContentpagePG_10" time="40.934" classname="com.r1v2.backend.modules.Dealer.AddDealerContentPage"/>
  <testcase name="addoemContentPG_11" time="0.26" classname="com.r1v2.backend.modules.Oem.AddOemContentPage"/>
  <testcase name="addgroupContentPG_11" time="0.292" classname="com.r1v2.backend.modules.Group.AddGroupContentPage"/>
  <testcase name="dlrContentpagePG_11" time="0.779" classname="com.r1v2.backend.modules.Dealer.AddDealerContentPage"/>
  <testcase name="@BeforeSuite setUp" time="0.0" classname="com.core.reports.ExtentReport">
    <ignored/>
  </testcase> <!-- @BeforeSuite setUp -->
  <testcase name="@BeforeSuite setUp" time="0.0" classname="com.core.reports.ExtentReport">
    <ignored/>
  </testcase> <!-- @BeforeSuite setUp -->
</testsuite> <!-- SC Add Content  Pages -->
