<?xml version="1.0" encoding="UTF-8"?>
<!-- Generated by org.testng.reporters.JUnitXMLReporter -->
<testsuite hostname="IZDT-211" ignored="2" name="SC Edit   Campaign  Pages" tests="34" failures="1" timestamp="06 Feb 2019 09:33:56 GMT" time="38.793" errors="0">
  <testcase name="dlrContentpagePG_2" time="0.098" classname="com.r1v2.backend.modules.Group.EditGroupCampaignPage"/>
  <testcase name="editOemCamppagePG_2" time="0.111" classname="com.r1v2.backend.modules.Oem.EditOemCampaignPage"/>
  <testcase name="dlrCampaignPage_2" time="0.093" classname="com.r1v2.backend.modules.Dealer.EditDealerCampaignPage"/>
  <testcase name="editOemCamppagePG_3" time="4.327" classname="com.r1v2.backend.modules.Oem.EditOemCampaignPage"/>
  <testcase name="grpEditContentPage_3" time="5.475" classname="com.r1v2.backend.modules.Group.EditGroupCampaignPage">
    <failure type="org.openqa.selenium.NoAlertPresentException" message="no alert open
  (Session info: chrome=72.0.3626.81)
  (Driver info: chromedriver=2.38.552522 (437e6fbedfa8762dec75e2c5b3ddb86763dc9dcb),platform=Windows NT 10.0.10586 x86_64) (WARNING: The server did not provide any stacktrace information)
Command duration or timeout: 0 milliseconds
Build info: version: &amp;apos;3.13.0&amp;apos;, revision: &amp;apos;2f0d292&amp;apos;, time: &amp;apos;2018-06-25T15:24:21.231Z&amp;apos;
System info: host: &amp;apos;IZDT-211&amp;apos;, ip: &amp;apos;10.125.101.16&amp;apos;, os.name: &amp;apos;Windows 10&amp;apos;, os.arch: &amp;apos;amd64&amp;apos;, os.version: &amp;apos;10.0&amp;apos;, java.version: &amp;apos;1.8.0_191&amp;apos;
Driver info: org.openqa.selenium.chrome.ChromeDriver
Capabilities {acceptInsecureCerts: false, acceptSslCerts: false, applicationCacheEnabled: false, browserConnectionEnabled: false, browserName: chrome, chrome: {chromedriverVersion: 2.38.552522 (437e6fbedfa876..., userDataDir: C:\Users\rajesh.n\AppData\L...}, cssSelectorsEnabled: true, databaseEnabled: false, handlesAlerts: true, hasTouchScreen: false, javascriptEnabled: true, locationContextEnabled: true, mobileEmulationEnabled: false, nativeEvents: true, networkConnectionEnabled: false, pageLoadStrategy: normal, platform: XP, platformName: XP, rotatable: false, setWindowRect: true, takesHeapSnapshot: true, takesScreenshot: true, unexpectedAlertBehaviour: , unhandledPromptBehavior: , version: 72.0.3626.81, webStorageEnabled: true}
Session ID: 70145e5c2eacad1727984396cdbf0e27">
      <![CDATA[org.openqa.selenium.NoAlertPresentException: no alert open
  (Session info: chrome=72.0.3626.81)
  (Driver info: chromedriver=2.38.552522 (437e6fbedfa8762dec75e2c5b3ddb86763dc9dcb),platform=Windows NT 10.0.10586 x86_64) (WARNING: The server did not provide any stacktrace information)
Command duration or timeout: 0 milliseconds
Build info: version: '3.13.0', revision: '2f0d292', time: '2018-06-25T15:24:21.231Z'
System info: host: 'IZDT-211', ip: '10.125.101.16', os.name: 'Windows 10', os.arch: 'amd64', os.version: '10.0', java.version: '1.8.0_191'
Driver info: org.openqa.selenium.chrome.ChromeDriver
Capabilities {acceptInsecureCerts: false, acceptSslCerts: false, applicationCacheEnabled: false, browserConnectionEnabled: false, browserName: chrome, chrome: {chromedriverVersion: 2.38.552522 (437e6fbedfa876..., userDataDir: C:\Users\rajesh.n\AppData\L...}, cssSelectorsEnabled: true, databaseEnabled: false, handlesAlerts: true, hasTouchScreen: false, javascriptEnabled: true, locationContextEnabled: true, mobileEmulationEnabled: false, nativeEvents: true, networkConnectionEnabled: false, pageLoadStrategy: normal, platform: XP, platformName: XP, rotatable: false, setWindowRect: true, takesHeapSnapshot: true, takesScreenshot: true, unexpectedAlertBehaviour: , unhandledPromptBehavior: , version: 72.0.3626.81, webStorageEnabled: true}
Session ID: 70145e5c2eacad1727984396cdbf0e27
at sun.reflect.NativeConstructorAccessorImpl.newInstance0(Native Method)
at sun.reflect.NativeConstructorAccessorImpl.newInstance(Unknown Source)
at sun.reflect.DelegatingConstructorAccessorImpl.newInstance(Unknown Source)
at java.lang.reflect.Constructor.newInstance(Unknown Source)
at org.openqa.selenium.remote.ErrorHandler.createThrowable(ErrorHandler.java:214)
at org.openqa.selenium.remote.ErrorHandler.throwIfResponseFailed(ErrorHandler.java:166)
at org.openqa.selenium.remote.http.JsonHttpResponseCodec.reconstructValue(JsonHttpResponseCodec.java:40)
at org.openqa.selenium.remote.http.AbstractHttpResponseCodec.decode(AbstractHttpResponseCodec.java:80)
at org.openqa.selenium.remote.http.AbstractHttpResponseCodec.decode(AbstractHttpResponseCodec.java:44)
at org.openqa.selenium.remote.HttpCommandExecutor.execute(HttpCommandExecutor.java:158)
at org.openqa.selenium.remote.service.DriverCommandExecutor.execute(DriverCommandExecutor.java:83)
at org.openqa.selenium.remote.RemoteWebDriver.execute(RemoteWebDriver.java:548)
at org.openqa.selenium.remote.RemoteWebDriver.execute(RemoteWebDriver.java:605)
at org.openqa.selenium.remote.RemoteWebDriver$RemoteTargetLocator.alert(RemoteWebDriver.java:928)
at com.r1v2.common.PageBase.alertAccept(PageBase.java:210)
at com.qa.sc.pageobjects.SCPages.clickFirstTabNextBtn1(SCPages.java:84)
at com.r1v2.backend.modules.Group.EditGroupCampaignPage.grpEditContentPage_3(EditGroupCampaignPage.java:72)
at sun.reflect.NativeMethodAccessorImpl.invoke0(Native Method)
at sun.reflect.NativeMethodAccessorImpl.invoke(Unknown Source)
at sun.reflect.DelegatingMethodAccessorImpl.invoke(Unknown Source)
at java.lang.reflect.Method.invoke(Unknown Source)
at org.testng.internal.MethodInvocationHelper.invokeMethod(MethodInvocationHelper.java:124)
at org.testng.internal.Invoker.invokeMethod(Invoker.java:583)
at org.testng.internal.Invoker.invokeTestMethod(Invoker.java:719)
at org.testng.internal.Invoker.invokeTestMethods(Invoker.java:989)
at org.testng.internal.TestMethodWorker.invokeTestMethods(TestMethodWorker.java:125)
at org.testng.internal.TestMethodWorker.run(TestMethodWorker.java:109)
at java.util.concurrent.ThreadPoolExecutor.runWorker(Unknown Source)
at java.util.concurrent.ThreadPoolExecutor$Worker.run(Unknown Source)
at java.lang.Thread.run(Unknown Source)
]]>
    </failure>
  </testcase> <!-- grpEditContentPage_3 -->
  <testcase name="dlrEditCampaignPage_3" time="5.655" classname="com.r1v2.backend.modules.Dealer.EditDealerCampaignPage"/>
  <testcase name="editOemCamppagePG_4" time="0.303" classname="com.r1v2.backend.modules.Oem.EditOemCampaignPage"/>
  <testcase name="dlrEditCampaignPage_4" time="0.354" classname="com.r1v2.backend.modules.Dealer.EditDealerCampaignPage"/>
  <testcase name="grpEditContentPage_4" time="0.387" classname="com.r1v2.backend.modules.Group.EditGroupCampaignPage"/>
  <testcase name="editOemCamppagePG_5" time="0.001" classname="com.r1v2.backend.modules.Oem.EditOemCampaignPage"/>
  <testcase name="dlrEditCampaignPage_5" time="0.078" classname="com.r1v2.backend.modules.Dealer.EditDealerCampaignPage"/>
  <testcase name="grpEditContentPage_5" time="0.086" classname="com.r1v2.backend.modules.Group.EditGroupCampaignPage"/>
  <testcase name="editOemCamppagePG_6" time="0.075" classname="com.r1v2.backend.modules.Oem.EditOemCampaignPage"/>
  <testcase name="dlrEditCampaignPage_6" time="0.438" classname="com.r1v2.backend.modules.Dealer.EditDealerCampaignPage"/>
  <testcase name="grpEditContentPage_6" time="0.495" classname="com.r1v2.backend.modules.Group.EditGroupCampaignPage"/>
  <testcase name="editOemCamppagePG_7" time="0.364" classname="com.r1v2.backend.modules.Oem.EditOemCampaignPage"/>
  <testcase name="dlrEditCampaignPage_7" time="1.176" classname="com.r1v2.backend.modules.Dealer.EditDealerCampaignPage"/>
  <testcase name="grpEditContentPage_7" time="1.298" classname="com.r1v2.backend.modules.Group.EditGroupCampaignPage"/>
  <testcase name="editOemCamppagePG_8" time="1.495" classname="com.r1v2.backend.modules.Oem.EditOemCampaignPage"/>
  <testcase name="dlrEditCampaignPage_8" time="3.557" classname="com.r1v2.backend.modules.Dealer.EditDealerCampaignPage"/>
  <testcase name="grpEditContentPage_8" time="3.578" classname="com.r1v2.backend.modules.Group.EditGroupCampaignPage"/>
  <testcase name="dlrEditCampaignPage_9" time="2.97" classname="com.r1v2.backend.modules.Dealer.EditDealerCampaignPage"/>
  <testcase name="grpEditContentPage_9" time="3.032" classname="com.r1v2.backend.modules.Group.EditGroupCampaignPage"/>
  <testcase name="editOemCamppagePG_9" time="3.605" classname="com.r1v2.backend.modules.Oem.EditOemCampaignPage"/>
  <testcase name="dlrEditCampaignPage_10" time="1.664" classname="com.r1v2.backend.modules.Dealer.EditDealerCampaignPage"/>
  <testcase name="grpEditContentPage_10" time="1.689" classname="com.r1v2.backend.modules.Group.EditGroupCampaignPage"/>
  <testcase name="editOemCamppagePG_10" time="2.729" classname="com.r1v2.backend.modules.Oem.EditOemCampaignPage"/>
  <testcase name="editOemCamppagePG_11" time="1.615" classname="com.r1v2.backend.modules.Oem.EditOemCampaignPage"/>
  <testcase name="dlrEditCampaignPage_11" time="7.123" classname="com.r1v2.backend.modules.Dealer.EditDealerCampaignPage"/>
  <testcase name="grpEditContentPage_11" time="7.493" classname="com.r1v2.backend.modules.Group.EditGroupCampaignPage"/>
  <testcase name="grpEditContentPage_12" time="0.496" classname="com.r1v2.backend.modules.Group.EditGroupCampaignPage"/>
  <testcase name="dlrEditCampaignPage_12" time="2.323" classname="com.r1v2.backend.modules.Dealer.EditDealerCampaignPage"/>
  <testcase name="editOemCamppagePG_12" time="4.02" classname="com.r1v2.backend.modules.Oem.EditOemCampaignPage"/>
  <testcase name="editOemCamppagePG_13" time="0.294" classname="com.r1v2.backend.modules.Oem.EditOemCampaignPage"/>
  <testcase name="@BeforeSuite setUp" time="0.0" classname="com.core.reports.ExtentReport">
    <ignored/>
  </testcase> <!-- @BeforeSuite setUp -->
  <testcase name="@BeforeSuite setUp" time="0.0" classname="com.core.reports.ExtentReport">
    <ignored/>
  </testcase> <!-- @BeforeSuite setUp -->
</testsuite> <!-- SC Edit   Campaign  Pages -->
